[debug] [2021-05-28T13:54:41.192Z] ----------------------------------------------------------------------
[debug] [2021-05-28T13:54:41.194Z] Command:       D:\NodeJS\node.exe C:\Users\varun\AppData\Roaming\npm\node_modules\firebase-tools\lib\bin\firebase.js init
[debug] [2021-05-28T13:54:41.194Z] CLI Version:   9.12.0
[debug] [2021-05-28T13:54:41.195Z] Platform:      win32
[debug] [2021-05-28T13:54:41.195Z] Node Version:  v14.15.4
[debug] [2021-05-28T13:54:41.195Z] Time:          Fri May 28 2021 19:24:41 GMT+0530 (India Standard Time)
[debug] [2021-05-28T13:54:41.196Z] ----------------------------------------------------------------------
[debug] 
[debug] [2021-05-28T13:54:41.200Z] > command requires scopes: ["email","openid","https://www.googleapis.com/auth/cloudplatformprojects.readonly","https://www.googleapis.com/auth/firebase","https://www.googleapis.com/auth/cloud-platform"]
[debug] [2021-05-28T13:54:41.200Z] > authorizing via signed-in user (easwaran2806@gmail.com)
[info] 
     ######## #### ########  ######## ########     ###     ######  ########
     ##        ##  ##     ## ##       ##     ##  ##   ##  ##       ##
     ######    ##  ########  ######   ########  #########  ######  ######
     ##        ##  ##    ##  ##       ##     ## ##     ##       ## ##
     ##       #### ##     ## ######## ########  ##     ##  ######  ########

You're about to initialize a Firebase project in this directory:

  E:\pixelPlay\pixelPlay

[info] 
=== Project Setup
[info] 
[info] First, let's associate this project directory with a Firebase project.
[info] You can create multiple project aliases by running firebase use --add, 
[info] but for now we'll just set up a default project.
[info] 
